2017-06-27 11:57:27.502  INFO 5292 --- [main] g.m.g.GoogleMapsServicesApplicationTests : Starting GoogleMapsServicesApplicationTests on GGN128096N01 with PID 5292 (started by NGoyal in C:\workspace\hcl_assignment\google-maps-services)
2017-06-27 11:57:27.512  INFO 5292 --- [main] g.m.g.GoogleMapsServicesApplicationTests : No active profile set, falling back to default profiles: default
2017-06-27 11:57:27.562  INFO 5292 --- [main] o.s.w.c.s.GenericWebApplicationContext   : Refreshing org.springframework.web.context.support.GenericWebApplicationContext@43015c69: startup date [Tue Jun 27 11:57:27 IST 2017]; root of context hierarchy
2017-06-27 11:57:29.871  INFO 5292 --- [main] trationDelegate$BeanPostProcessorChecker : Bean 'org.springframework.boot.autoconfigure.validation.ValidationAutoConfiguration' of type [class org.springframework.boot.autoconfigure.validation.ValidationAutoConfiguration] is not eligible for getting processed by all BeanPostProcessors (for example: not eligible for auto-proxying)
2017-06-27 11:57:29.992  INFO 5292 --- [main] trationDelegate$BeanPostProcessorChecker : Bean 'validator' of type [class org.springframework.validation.beanvalidation.LocalValidatorFactoryBean] is not eligible for getting processed by all BeanPostProcessors (for example: not eligible for auto-proxying)
2017-06-27 11:57:30.042  INFO 5292 --- [main] trationDelegate$BeanPostProcessorChecker : Bean 'org.springframework.transaction.annotation.ProxyTransactionManagementConfiguration' of type [class org.springframework.transaction.annotation.ProxyTransactionManagementConfiguration$$EnhancerBySpringCGLIB$$4a4ac4b9] is not eligible for getting processed by all BeanPostProcessors (for example: not eligible for auto-proxying)
2017-06-27 11:57:30.212  INFO 5292 --- [main] o.s.j.d.e.EmbeddedDatabaseFactory        : Starting embedded database: url='jdbc:h2:mem:testdb;DB_CLOSE_DELAY=-1;DB_CLOSE_ON_EXIT=false', username='sa'
2017-06-27 11:57:30.715  INFO 5292 --- [main] j.LocalContainerEntityManagerFactoryBean : Building JPA container EntityManagerFactory for persistence unit 'default'
2017-06-27 11:57:32.006  INFO 5292 --- [main] j.LocalContainerEntityManagerFactoryBean : Initialized JPA EntityManagerFactory for persistence unit 'default'
2017-06-27 11:57:33.460  INFO 5292 --- [main] s.w.s.m.m.a.RequestMappingHandlerMapping : Mapped "{[/shop],methods=[GET]}" onto public <T> com.google.maps.response.GenericResponse<T> com.google.maps.controller.ShopController.getShopDetailsByLatitudeLongitude(java.lang.String,java.lang.String) throws com.google.maps.exception.GenericException
2017-06-27 11:57:33.460  INFO 5292 --- [main] s.w.s.m.m.a.RequestMappingHandlerMapping : Mapped "{[/shop],methods=[POST]}" onto public <T> com.google.maps.response.GenericResponse<T> com.google.maps.controller.ShopController.addShop(com.google.maps.request.Shop) throws java.io.IOException,com.google.maps.exception.GenericException
2017-06-27 11:57:33.460  INFO 5292 --- [main] s.w.s.m.m.a.RequestMappingHandlerMapping : Mapped "{[/v2/api-docs],methods=[GET],produces=[application/json || application/hal+json]}" onto public org.springframework.http.ResponseEntity<springfox.documentation.spring.web.json.Json> springfox.documentation.swagger2.web.Swagger2Controller.getDocumentation(java.lang.String,javax.servlet.http.HttpServletRequest)
2017-06-27 11:57:33.463  INFO 5292 --- [main] s.w.s.m.m.a.RequestMappingHandlerMapping : Mapped "{[/swagger-resources]}" onto org.springframework.http.ResponseEntity<java.util.List<springfox.documentation.swagger.web.SwaggerResource>> springfox.documentation.swagger.web.ApiResourceController.swaggerResources()
2017-06-27 11:57:33.463  INFO 5292 --- [main] s.w.s.m.m.a.RequestMappingHandlerMapping : Mapped "{[/swagger-resources/configuration/ui]}" onto org.springframework.http.ResponseEntity<springfox.documentation.swagger.web.UiConfiguration> springfox.documentation.swagger.web.ApiResourceController.uiConfiguration()
2017-06-27 11:57:33.465  INFO 5292 --- [main] s.w.s.m.m.a.RequestMappingHandlerMapping : Mapped "{[/swagger-resources/configuration/security]}" onto org.springframework.http.ResponseEntity<springfox.documentation.swagger.web.SecurityConfiguration> springfox.documentation.swagger.web.ApiResourceController.securityConfiguration()
2017-06-27 11:57:33.472  INFO 5292 --- [main] s.w.s.m.m.a.RequestMappingHandlerMapping : Mapped "{[/error]}" onto public org.springframework.http.ResponseEntity<java.util.Map<java.lang.String, java.lang.Object>> org.springframework.boot.autoconfigure.web.BasicErrorController.error(javax.servlet.http.HttpServletRequest)
2017-06-27 11:57:33.472  INFO 5292 --- [main] s.w.s.m.m.a.RequestMappingHandlerMapping : Mapped "{[/error],produces=[text/html]}" onto public org.springframework.web.servlet.ModelAndView org.springframework.boot.autoconfigure.web.BasicErrorController.errorHtml(javax.servlet.http.HttpServletRequest,javax.servlet.http.HttpServletResponse)
2017-06-27 11:57:34.066  INFO 5292 --- [main] s.w.s.m.m.a.RequestMappingHandlerAdapter : Looking for @ControllerAdvice: org.springframework.web.context.support.GenericWebApplicationContext@43015c69: startup date [Tue Jun 27 11:57:27 IST 2017]; root of context hierarchy
2017-06-27 11:57:34.161  INFO 5292 --- [main] o.s.w.s.h.SimpleUrlHandlerMapping        : Mapped URL path [/webjars/**] onto handler of type [class org.springframework.web.servlet.resource.ResourceHttpRequestHandler]
2017-06-27 11:57:34.161  INFO 5292 --- [main] o.s.w.s.h.SimpleUrlHandlerMapping        : Mapped URL path [/**] onto handler of type [class org.springframework.web.servlet.resource.ResourceHttpRequestHandler]
2017-06-27 11:57:34.245  INFO 5292 --- [main] o.s.w.s.h.SimpleUrlHandlerMapping        : Mapped URL path [/**/favicon.ico] onto handler of type [class org.springframework.web.servlet.resource.ResourceHttpRequestHandler]
2017-06-27 11:57:34.757  INFO 5292 --- [main] o.s.c.s.DefaultLifecycleProcessor        : Starting beans in phase 2147483647
2017-06-27 11:57:34.757  INFO 5292 --- [main] d.s.w.p.DocumentationPluginsBootstrapper : Context refreshed
2017-06-27 11:57:34.798  INFO 5292 --- [main] d.s.w.p.DocumentationPluginsBootstrapper : Found 1 custom documentation plugin(s)
2017-06-27 11:57:34.808  INFO 5292 --- [main] s.d.s.w.s.ApiListingReferenceScanner     : Scanning for api listing references
2017-06-27 11:57:35.078  INFO 5292 --- [main] g.m.g.GoogleMapsServicesApplicationTests : Started GoogleMapsServicesApplicationTests in 8.229 seconds (JVM running for 9.637)
2017-06-27 11:57:35.155  INFO 5292 --- [Thread-2] o.s.w.c.s.GenericWebApplicationContext   : Closing org.springframework.web.context.support.GenericWebApplicationContext@43015c69: startup date [Tue Jun 27 11:57:27 IST 2017]; root of context hierarchy
2017-06-27 11:59:02.333  INFO 6336 --- [main] c.g.maps.GoogleMapsServicesApplication   : Starting GoogleMapsServicesApplication on GGN128096N01 with PID 6336 (C:\workspace\hcl_assignment\google-maps-services\target\classes started by NGoyal in C:\workspace\hcl_assignment\google-maps-services)
2017-06-27 11:59:02.333  INFO 6336 --- [main] c.g.maps.GoogleMapsServicesApplication   : No active profile set, falling back to default profiles: default
2017-06-27 11:59:02.413  INFO 6336 --- [main] ationConfigEmbeddedWebApplicationContext : Refreshing org.springframework.boot.context.embedded.AnnotationConfigEmbeddedWebApplicationContext@147ed70f: startup date [Tue Jun 27 11:59:02 IST 2017]; root of context hierarchy
2017-06-27 11:59:04.189  INFO 6336 --- [main] .s.d.r.c.RepositoryConfigurationDelegate : Multiple Spring Data modules found, entering strict repository configuration mode!
2017-06-27 11:59:04.917  INFO 6336 --- [main] trationDelegate$BeanPostProcessorChecker : Bean 'org.springframework.transaction.annotation.ProxyTransactionManagementConfiguration' of type [org.springframework.transaction.annotation.ProxyTransactionManagementConfiguration$$EnhancerBySpringCGLIB$$77f0a62e] is not eligible for getting processed by all BeanPostProcessors (for example: not eligible for auto-proxying)
2017-06-27 11:59:05.649  INFO 6336 --- [main] s.b.c.e.t.TomcatEmbeddedServletContainer : Tomcat initialized with port(s): 8282 (http)
2017-06-27 11:59:05.650  INFO 6336 --- [main] o.apache.catalina.core.StandardService   : Starting service [Tomcat]
2017-06-27 11:59:05.652  INFO 6336 --- [main] org.apache.catalina.core.StandardEngine  : Starting Servlet Engine: Apache Tomcat/8.5.15
2017-06-27 11:59:05.881  INFO 6336 --- [localhost-startStop-1] o.a.c.c.C.[.[localhost].[/services]      : Initializing Spring embedded WebApplicationContext
2017-06-27 11:59:05.881  INFO 6336 --- [localhost-startStop-1] o.s.web.context.ContextLoader            : Root WebApplicationContext: initialization completed in 3478 ms
2017-06-27 11:59:06.124  INFO 6336 --- [localhost-startStop-1] o.s.b.w.servlet.ServletRegistrationBean  : Mapping servlet: 'dispatcherServlet' to [/]
2017-06-27 11:59:06.124  INFO 6336 --- [localhost-startStop-1] o.s.b.w.servlet.ServletRegistrationBean  : Mapping servlet: 'webServlet' to [/h2/*]
2017-06-27 11:59:06.124  INFO 6336 --- [localhost-startStop-1] o.s.b.w.servlet.FilterRegistrationBean   : Mapping filter: 'characterEncodingFilter' to: [/*]
2017-06-27 11:59:06.124  INFO 6336 --- [localhost-startStop-1] o.s.b.w.servlet.FilterRegistrationBean   : Mapping filter: 'hiddenHttpMethodFilter' to: [/*]
2017-06-27 11:59:06.124  INFO 6336 --- [localhost-startStop-1] o.s.b.w.servlet.FilterRegistrationBean   : Mapping filter: 'httpPutFormContentFilter' to: [/*]
2017-06-27 11:59:06.124  INFO 6336 --- [localhost-startStop-1] o.s.b.w.servlet.FilterRegistrationBean   : Mapping filter: 'requestContextFilter' to: [/*]
2017-06-27 11:59:06.881  INFO 6336 --- [main] j.LocalContainerEntityManagerFactoryBean : Building JPA container EntityManagerFactory for persistence unit 'default'
2017-06-27 11:59:08.004  INFO 6336 --- [main] j.LocalContainerEntityManagerFactoryBean : Initialized JPA EntityManagerFactory for persistence unit 'default'
2017-06-27 11:59:09.160  INFO 6336 --- [main] s.w.s.m.m.a.RequestMappingHandlerMapping : Mapped "{[/shop],methods=[POST]}" onto public <T> com.google.maps.response.GenericResponse<T> com.google.maps.controller.ShopController.addShop(com.google.maps.request.Shop) throws java.io.IOException,com.google.maps.exception.GenericException
2017-06-27 11:59:09.160  INFO 6336 --- [main] s.w.s.m.m.a.RequestMappingHandlerMapping : Mapped "{[/shop],methods=[GET]}" onto public <T> com.google.maps.response.GenericResponse<T> com.google.maps.controller.ShopController.getShopDetailsByLatitudeLongitude(java.lang.String,java.lang.String) throws com.google.maps.exception.GenericException
2017-06-27 11:59:09.160  INFO 6336 --- [main] s.w.s.m.m.a.RequestMappingHandlerMapping : Mapped "{[/v2/api-docs],methods=[GET],produces=[application/json || application/hal+json]}" onto public org.springframework.http.ResponseEntity<springfox.documentation.spring.web.json.Json> springfox.documentation.swagger2.web.Swagger2Controller.getDocumentation(java.lang.String,javax.servlet.http.HttpServletRequest)
2017-06-27 11:59:09.170  INFO 6336 --- [main] s.w.s.m.m.a.RequestMappingHandlerMapping : Mapped "{[/swagger-resources/configuration/security]}" onto org.springframework.http.ResponseEntity<springfox.documentation.swagger.web.SecurityConfiguration> springfox.documentation.swagger.web.ApiResourceController.securityConfiguration()
2017-06-27 11:59:09.170  INFO 6336 --- [main] s.w.s.m.m.a.RequestMappingHandlerMapping : Mapped "{[/swagger-resources/configuration/ui]}" onto org.springframework.http.ResponseEntity<springfox.documentation.swagger.web.UiConfiguration> springfox.documentation.swagger.web.ApiResourceController.uiConfiguration()
2017-06-27 11:59:09.170  INFO 6336 --- [main] s.w.s.m.m.a.RequestMappingHandlerMapping : Mapped "{[/swagger-resources]}" onto org.springframework.http.ResponseEntity<java.util.List<springfox.documentation.swagger.web.SwaggerResource>> springfox.documentation.swagger.web.ApiResourceController.swaggerResources()
2017-06-27 11:59:09.170  INFO 6336 --- [main] s.w.s.m.m.a.RequestMappingHandlerMapping : Mapped "{[/error]}" onto public org.springframework.http.ResponseEntity<java.util.Map<java.lang.String, java.lang.Object>> org.springframework.boot.autoconfigure.web.BasicErrorController.error(javax.servlet.http.HttpServletRequest)
2017-06-27 11:59:09.170  INFO 6336 --- [main] s.w.s.m.m.a.RequestMappingHandlerMapping : Mapped "{[/error],produces=[text/html]}" onto public org.springframework.web.servlet.ModelAndView org.springframework.boot.autoconfigure.web.BasicErrorController.errorHtml(javax.servlet.http.HttpServletRequest,javax.servlet.http.HttpServletResponse)
2017-06-27 11:59:09.780  INFO 6336 --- [main] s.w.s.m.m.a.RequestMappingHandlerAdapter : Looking for @ControllerAdvice: org.springframework.boot.context.embedded.AnnotationConfigEmbeddedWebApplicationContext@147ed70f: startup date [Tue Jun 27 11:59:02 IST 2017]; root of context hierarchy
2017-06-27 11:59:09.873  INFO 6336 --- [main] o.s.w.s.handler.SimpleUrlHandlerMapping  : Mapped URL path [/webjars/**] onto handler of type [class org.springframework.web.servlet.resource.ResourceHttpRequestHandler]
2017-06-27 11:59:09.873  INFO 6336 --- [main] o.s.w.s.handler.SimpleUrlHandlerMapping  : Mapped URL path [/**] onto handler of type [class org.springframework.web.servlet.resource.ResourceHttpRequestHandler]
2017-06-27 11:59:09.943  INFO 6336 --- [main] o.s.w.s.handler.SimpleUrlHandlerMapping  : Mapped URL path [/**/favicon.ico] onto handler of type [class org.springframework.web.servlet.resource.ResourceHttpRequestHandler]
2017-06-27 11:59:10.312  INFO 6336 --- [main] o.s.j.e.a.AnnotationMBeanExporter        : Registering beans for JMX exposure on startup
2017-06-27 11:59:10.332  INFO 6336 --- [main] o.s.c.support.DefaultLifecycleProcessor  : Starting beans in phase 2147483647
2017-06-27 11:59:10.341  INFO 6336 --- [main] d.s.w.p.DocumentationPluginsBootstrapper : Context refreshed
2017-06-27 11:59:10.397  INFO 6336 --- [main] d.s.w.p.DocumentationPluginsBootstrapper : Found 1 custom documentation plugin(s)
2017-06-27 11:59:10.413  INFO 6336 --- [main] s.d.s.w.s.ApiListingReferenceScanner     : Scanning for api listing references
2017-06-27 11:59:10.781  INFO 6336 --- [main] s.b.c.e.t.TomcatEmbeddedServletContainer : Tomcat started on port(s): 8282 (http)
2017-06-27 11:59:10.781  INFO 6336 --- [main] c.g.maps.GoogleMapsServicesApplication   : Started GoogleMapsServicesApplication in 8.879 seconds (JVM running for 9.614)
2017-06-27 12:00:00.730  INFO 6336 --- [http-nio-8282-exec-1] o.a.c.c.C.[.[localhost].[/services]      : Initializing Spring FrameworkServlet 'dispatcherServlet'
2017-06-27 12:00:00.730  INFO 6336 --- [http-nio-8282-exec-1] o.s.web.servlet.DispatcherServlet        : FrameworkServlet 'dispatcherServlet': initialization started
2017-06-27 12:00:00.757  INFO 6336 --- [http-nio-8282-exec-1] o.s.web.servlet.DispatcherServlet        : FrameworkServlet 'dispatcherServlet': initialization completed in 27 ms
2017-06-27 12:01:09.394  INFO 6336 --- [http-nio-8282-exec-2] c.google.maps.controller.ShopController  : add shop method called
2017-06-27 12:01:09.395  INFO 6336 --- [http-nio-8282-exec-2] c.g.maps.service.impl.ShopServiceImpl    : calling saveShopDetails method
2017-06-27 12:01:09.396  INFO 6336 --- [http-nio-8282-exec-2] c.google.maps.geocode.AddressConverter   : convertToLatLong method called
2017-06-27 12:01:09.401  INFO 6336 --- [http-nio-8282-exec-2] c.google.maps.geocode.AddressConverter   : opening the https connection to hit geocode api
2017-06-27 12:01:11.856  INFO 6336 --- [http-nio-8282-exec-2] c.google.maps.geocode.AddressConverter   : method is returning the geocode api response
2017-06-27 12:01:11.857  INFO 6336 --- [http-nio-8282-exec-2] c.g.maps.service.impl.ShopServiceImpl    : google response fetchedGoogleResponse [results=[com.google.maps.geocode.Result@5cdbadee], status=OK, error_message=null]
2017-06-27 12:01:11.858  INFO 6336 --- [http-nio-8282-exec-2] c.g.maps.service.impl.ShopServiceImpl    : successfully get latitude and longitide from google geocode api
2017-06-27 12:01:11.859  INFO 6336 --- [http-nio-8282-exec-2] c.g.maps.service.impl.ShopServiceImpl    : latitude:28.4439899longitude:77.0568507
2017-06-27 12:01:11.952  INFO 6336 --- [http-nio-8282-exec-2] c.g.maps.service.impl.ShopServiceImpl    : Adding the shop as its not exist in database
2017-06-27 12:01:11.953  INFO 6336 --- [http-nio-8282-exec-2] c.g.maps.service.impl.ShopServiceImpl    : following shop entity object:ShopEntity [id=null, shopName=122001, shopAddress=Unitech Cyber Park, Tower D, Sector 39, Gurugram, postalCode=Fidelity, longitude=77.0568507, latitide=28.4439899]
2017-06-27 12:05:58.036  INFO 7692 --- [main] c.g.maps.GoogleMapsServicesApplication   : Starting GoogleMapsServicesApplication on GGN128096N01 with PID 7692 (C:\workspace\hcl_assignment\google-maps-services\target\classes started by NGoyal in C:\workspace\hcl_assignment\google-maps-services)
2017-06-27 12:05:58.036  INFO 7692 --- [main] c.g.maps.GoogleMapsServicesApplication   : No active profile set, falling back to default profiles: default
2017-06-27 12:05:58.116  INFO 7692 --- [main] ationConfigEmbeddedWebApplicationContext : Refreshing org.springframework.boot.context.embedded.AnnotationConfigEmbeddedWebApplicationContext@147ed70f: startup date [Tue Jun 27 12:05:58 IST 2017]; root of context hierarchy
2017-06-27 12:05:59.933  INFO 7692 --- [main] .s.d.r.c.RepositoryConfigurationDelegate : Multiple Spring Data modules found, entering strict repository configuration mode!
2017-06-27 12:06:00.712  INFO 7692 --- [main] trationDelegate$BeanPostProcessorChecker : Bean 'org.springframework.transaction.annotation.ProxyTransactionManagementConfiguration' of type [org.springframework.transaction.annotation.ProxyTransactionManagementConfiguration$$EnhancerBySpringCGLIB$$95ee0218] is not eligible for getting processed by all BeanPostProcessors (for example: not eligible for auto-proxying)
2017-06-27 12:06:01.394  INFO 7692 --- [main] s.b.c.e.t.TomcatEmbeddedServletContainer : Tomcat initialized with port(s): 8282 (http)
2017-06-27 12:06:01.395  INFO 7692 --- [main] o.apache.catalina.core.StandardService   : Starting service [Tomcat]
2017-06-27 12:06:01.415  INFO 7692 --- [main] org.apache.catalina.core.StandardEngine  : Starting Servlet Engine: Apache Tomcat/8.5.15
2017-06-27 12:06:01.665  INFO 7692 --- [localhost-startStop-1] o.a.c.c.C.[.[localhost].[/services]      : Initializing Spring embedded WebApplicationContext
2017-06-27 12:06:01.665  INFO 7692 --- [localhost-startStop-1] o.s.web.context.ContextLoader            : Root WebApplicationContext: initialization completed in 3559 ms
2017-06-27 12:06:01.949  INFO 7692 --- [localhost-startStop-1] o.s.b.w.servlet.ServletRegistrationBean  : Mapping servlet: 'dispatcherServlet' to [/]
2017-06-27 12:06:01.949  INFO 7692 --- [localhost-startStop-1] o.s.b.w.servlet.ServletRegistrationBean  : Mapping servlet: 'webServlet' to [/h2/*]
2017-06-27 12:06:01.959  INFO 7692 --- [localhost-startStop-1] o.s.b.w.servlet.FilterRegistrationBean   : Mapping filter: 'characterEncodingFilter' to: [/*]
2017-06-27 12:06:01.959  INFO 7692 --- [localhost-startStop-1] o.s.b.w.servlet.FilterRegistrationBean   : Mapping filter: 'hiddenHttpMethodFilter' to: [/*]
2017-06-27 12:06:01.959  INFO 7692 --- [localhost-startStop-1] o.s.b.w.servlet.FilterRegistrationBean   : Mapping filter: 'httpPutFormContentFilter' to: [/*]
2017-06-27 12:06:01.959  INFO 7692 --- [localhost-startStop-1] o.s.b.w.servlet.FilterRegistrationBean   : Mapping filter: 'requestContextFilter' to: [/*]
2017-06-27 12:06:02.653  INFO 7692 --- [main] j.LocalContainerEntityManagerFactoryBean : Building JPA container EntityManagerFactory for persistence unit 'default'
2017-06-27 12:06:03.750  INFO 7692 --- [main] j.LocalContainerEntityManagerFactoryBean : Initialized JPA EntityManagerFactory for persistence unit 'default'
2017-06-27 12:06:04.841  INFO 7692 --- [main] s.w.s.m.m.a.RequestMappingHandlerMapping : Mapped "{[/shop],methods=[GET]}" onto public <T> com.google.maps.response.GenericResponse<T> com.google.maps.controller.ShopController.getShopDetailsByLatitudeLongitude(java.lang.String,java.lang.String) throws com.google.maps.exception.GenericException
2017-06-27 12:06:04.841  INFO 7692 --- [main] s.w.s.m.m.a.RequestMappingHandlerMapping : Mapped "{[/shop],methods=[POST]}" onto public <T> com.google.maps.response.GenericResponse<T> com.google.maps.controller.ShopController.addShop(com.google.maps.request.Shop) throws java.io.IOException,com.google.maps.exception.GenericException
2017-06-27 12:06:04.841  INFO 7692 --- [main] s.w.s.m.m.a.RequestMappingHandlerMapping : Mapped "{[/v2/api-docs],methods=[GET],produces=[application/json || application/hal+json]}" onto public org.springframework.http.ResponseEntity<springfox.documentation.spring.web.json.Json> springfox.documentation.swagger2.web.Swagger2Controller.getDocumentation(java.lang.String,javax.servlet.http.HttpServletRequest)
2017-06-27 12:06:04.842  INFO 7692 --- [main] s.w.s.m.m.a.RequestMappingHandlerMapping : Mapped "{[/swagger-resources/configuration/ui]}" onto org.springframework.http.ResponseEntity<springfox.documentation.swagger.web.UiConfiguration> springfox.documentation.swagger.web.ApiResourceController.uiConfiguration()
2017-06-27 12:06:04.842  INFO 7692 --- [main] s.w.s.m.m.a.RequestMappingHandlerMapping : Mapped "{[/swagger-resources]}" onto org.springframework.http.ResponseEntity<java.util.List<springfox.documentation.swagger.web.SwaggerResource>> springfox.documentation.swagger.web.ApiResourceController.swaggerResources()
2017-06-27 12:06:04.842  INFO 7692 --- [main] s.w.s.m.m.a.RequestMappingHandlerMapping : Mapped "{[/swagger-resources/configuration/security]}" onto org.springframework.http.ResponseEntity<springfox.documentation.swagger.web.SecurityConfiguration> springfox.documentation.swagger.web.ApiResourceController.securityConfiguration()
2017-06-27 12:06:04.862  INFO 7692 --- [main] s.w.s.m.m.a.RequestMappingHandlerMapping : Mapped "{[/error]}" onto public org.springframework.http.ResponseEntity<java.util.Map<java.lang.String, java.lang.Object>> org.springframework.boot.autoconfigure.web.BasicErrorController.error(javax.servlet.http.HttpServletRequest)
2017-06-27 12:06:04.862  INFO 7692 --- [main] s.w.s.m.m.a.RequestMappingHandlerMapping : Mapped "{[/error],produces=[text/html]}" onto public org.springframework.web.servlet.ModelAndView org.springframework.boot.autoconfigure.web.BasicErrorController.errorHtml(javax.servlet.http.HttpServletRequest,javax.servlet.http.HttpServletResponse)
2017-06-27 12:06:05.374  INFO 7692 --- [main] s.w.s.m.m.a.RequestMappingHandlerAdapter : Looking for @ControllerAdvice: org.springframework.boot.context.embedded.AnnotationConfigEmbeddedWebApplicationContext@147ed70f: startup date [Tue Jun 27 12:05:58 IST 2017]; root of context hierarchy
2017-06-27 12:06:05.444  INFO 7692 --- [main] o.s.w.s.handler.SimpleUrlHandlerMapping  : Mapped URL path [/webjars/**] onto handler of type [class org.springframework.web.servlet.resource.ResourceHttpRequestHandler]
2017-06-27 12:06:05.444  INFO 7692 --- [main] o.s.w.s.handler.SimpleUrlHandlerMapping  : Mapped URL path [/**] onto handler of type [class org.springframework.web.servlet.resource.ResourceHttpRequestHandler]
2017-06-27 12:06:05.494  INFO 7692 --- [main] o.s.w.s.handler.SimpleUrlHandlerMapping  : Mapped URL path [/**/favicon.ico] onto handler of type [class org.springframework.web.servlet.resource.ResourceHttpRequestHandler]
2017-06-27 12:06:05.844  INFO 7692 --- [main] o.s.j.e.a.AnnotationMBeanExporter        : Registering beans for JMX exposure on startup
2017-06-27 12:06:05.845  INFO 7692 --- [main] o.s.c.support.DefaultLifecycleProcessor  : Starting beans in phase 2147483647
2017-06-27 12:06:05.845  INFO 7692 --- [main] d.s.w.p.DocumentationPluginsBootstrapper : Context refreshed
2017-06-27 12:06:05.895  INFO 7692 --- [main] d.s.w.p.DocumentationPluginsBootstrapper : Found 1 custom documentation plugin(s)
2017-06-27 12:06:05.915  INFO 7692 --- [main] s.d.s.w.s.ApiListingReferenceScanner     : Scanning for api listing references
2017-06-27 12:06:06.185  INFO 7692 --- [main] s.b.c.e.t.TomcatEmbeddedServletContainer : Tomcat started on port(s): 8282 (http)
2017-06-27 12:06:06.185  INFO 7692 --- [main] c.g.maps.GoogleMapsServicesApplication   : Started GoogleMapsServicesApplication in 8.633 seconds (JVM running for 9.324)
2017-06-27 12:06:13.329  INFO 7692 --- [http-nio-8282-exec-1] o.a.c.c.C.[.[localhost].[/services]      : Initializing Spring FrameworkServlet 'dispatcherServlet'
2017-06-27 12:06:13.329  INFO 7692 --- [http-nio-8282-exec-1] o.s.web.servlet.DispatcherServlet        : FrameworkServlet 'dispatcherServlet': initialization started
2017-06-27 12:06:13.372  INFO 7692 --- [http-nio-8282-exec-1] o.s.web.servlet.DispatcherServlet        : FrameworkServlet 'dispatcherServlet': initialization completed in 42 ms
2017-06-27 12:09:39.181  INFO 7692 --- [http-nio-8282-exec-2] c.google.maps.controller.ShopController  : getShopDetailsByLatitudeLongitude method called
2017-06-27 12:09:39.293  INFO 7692 --- [http-nio-8282-exec-2] c.g.maps.geocode.DistanceCalculator      : distance method called having arg values lat1: 28.496865 lon1: 77.08127999999999 lat2 :1008.95 lon2 : 198.07
2017-06-27 12:09:39.296  INFO 7692 --- [http-nio-8282-exec-2] c.g.maps.geocode.DistanceCalculator      : returning distance difference: 7604.160060337095
2017-06-27 12:09:39.296  INFO 7692 --- [http-nio-8282-exec-2] c.g.maps.geocode.DistanceCalculator      : distance method called having arg values lat1: 28.496865 lon1: 77.08127999999999 lat2 :29.3141776 lon2 : 76.3212276
2017-06-27 12:09:39.297  INFO 7692 --- [http-nio-8282-exec-2] c.g.maps.geocode.DistanceCalculator      : returning distance difference: 63.231276196370736
2017-06-27 12:09:39.297  INFO 7692 --- [http-nio-8282-exec-2] c.g.maps.geocode.DistanceCalculator      : distance method called having arg values lat1: 28.496865 lon1: 77.08127999999999 lat2 :28.4613217 lon2 : 77.0528866
2017-06-27 12:09:39.297  INFO 7692 --- [http-nio-8282-exec-2] c.g.maps.geocode.DistanceCalculator      : returning distance difference: 2.605730464923846
2017-06-27 12:09:39.297  INFO 7692 --- [http-nio-8282-exec-2] c.g.maps.geocode.DistanceCalculator      : distance method called having arg values lat1: 28.496865 lon1: 77.08127999999999 lat2 :28.496865 lon2 : 77.08127999999999
2017-06-27 12:09:39.297  INFO 7692 --- [http-nio-8282-exec-2] c.g.maps.geocode.DistanceCalculator      : returning distance difference: 0.0
2017-06-27 12:09:39.297  INFO 7692 --- [http-nio-8282-exec-2] c.g.maps.geocode.DistanceCalculator      : distance method called having arg values lat1: 28.496865 lon1: 77.08127999999999 lat2 :28.5099869 lon2 : 77.07096589999999
2017-06-27 12:09:39.297  INFO 7692 --- [http-nio-8282-exec-2] c.g.maps.geocode.DistanceCalculator      : returning distance difference: 0.9568443602012163
2017-06-27 12:09:39.297  INFO 7692 --- [http-nio-8282-exec-2] c.g.maps.geocode.DistanceCalculator      : distance method called having arg values lat1: 28.496865 lon1: 77.08127999999999 lat2 :28.4991494 lon2 : 77.06966299999999
2017-06-27 12:09:39.297  INFO 7692 --- [http-nio-8282-exec-2] c.g.maps.geocode.DistanceCalculator      : returning distance difference: 0.6276882547568702
2017-06-27 12:09:39.297  INFO 7692 --- [http-nio-8282-exec-2] c.g.maps.geocode.DistanceCalculator      : distance method called having arg values lat1: 28.496865 lon1: 77.08127999999999 lat2 :28.4980256 lon2 : 77.0824178
2017-06-27 12:09:39.298  INFO 7692 --- [http-nio-8282-exec-2] c.g.maps.geocode.DistanceCalculator      : returning distance difference: 0.09191368872649734
2017-06-27 12:09:39.298  INFO 7692 --- [http-nio-8282-exec-2] c.g.maps.geocode.DistanceCalculator      : distance method called having arg values lat1: 28.496865 lon1: 77.08127999999999 lat2 :28.4942883 lon2 : 77.0889127
2017-06-27 12:09:39.298  INFO 7692 --- [http-nio-8282-exec-2] c.g.maps.geocode.DistanceCalculator      : returning distance difference: 0.4311373365390726
2017-06-27 12:09:39.299  INFO 7692 --- [http-nio-8282-exec-2] c.g.maps.geocode.DistanceCalculator      : distance method called having arg values lat1: 28.496865 lon1: 77.08127999999999 lat2 :28.4439899 lon2 : 77.0568507
2017-06-27 12:09:39.299  INFO 7692 --- [http-nio-8282-exec-2] c.g.maps.geocode.DistanceCalculator      : returning distance difference: 3.4240522687382775
2017-06-27 12:09:39.300  INFO 7692 --- [http-nio-8282-exec-2] c.google.maps.controller.ShopController  : returning the success response of the method
2017-06-27 12:12:46.542  INFO 7692 --- [http-nio-8282-exec-4] c.google.maps.controller.ShopController  : add shop method called
2017-06-27 12:12:46.542  INFO 7692 --- [http-nio-8282-exec-4] c.g.maps.service.impl.ShopServiceImpl    : calling saveShopDetails method
2017-06-27 12:12:46.543  INFO 7692 --- [http-nio-8282-exec-4] c.google.maps.geocode.AddressConverter   : convertToLatLong method called
2017-06-27 12:12:46.545  INFO 7692 --- [http-nio-8282-exec-4] c.google.maps.geocode.AddressConverter   : opening the https connection to hit geocode api
2017-06-27 12:12:49.328  INFO 7692 --- [http-nio-8282-exec-4] c.google.maps.geocode.AddressConverter   : method is returning the geocode api response
2017-06-27 12:12:49.329  INFO 7692 --- [http-nio-8282-exec-4] c.g.maps.service.impl.ShopServiceImpl    : google response fetchedGoogleResponse [results=[com.google.maps.geocode.Result@3d3b9376], status=OK, error_message=null]
2017-06-27 12:12:49.329  INFO 7692 --- [http-nio-8282-exec-4] c.g.maps.service.impl.ShopServiceImpl    : successfully get latitude and longitide from google geocode api
2017-06-27 12:12:49.329  INFO 7692 --- [http-nio-8282-exec-4] c.g.maps.service.impl.ShopServiceImpl    : latitude:28.4991494longitude:77.06966299999999
2017-06-27 12:12:49.349  INFO 7692 --- [http-nio-8282-exec-4] c.g.maps.service.impl.ShopServiceImpl    : Adding the shop as its not exist in database
2017-06-27 12:12:49.349  INFO 7692 --- [http-nio-8282-exec-4] c.g.maps.service.impl.ShopServiceImpl    : following shop entity object:ShopEntity [id=null, shopName=122016, shopAddress=Plot No. 14, Sector 18, Electronic City, Udyog Vihar, Gurugram, postalCode=Snapdeal, longitude=77.06966299999999, latitide=28.4991494]
2017-06-27 12:13:04.663  INFO 7692 --- [http-nio-8282-exec-5] c.google.maps.controller.ShopController  : add shop method called
2017-06-27 12:13:04.664  INFO 7692 --- [http-nio-8282-exec-5] c.g.maps.service.impl.ShopServiceImpl    : calling saveShopDetails method
2017-06-27 12:13:04.665  INFO 7692 --- [http-nio-8282-exec-5] c.google.maps.geocode.AddressConverter   : convertToLatLong method called
2017-06-27 12:13:04.667  INFO 7692 --- [http-nio-8282-exec-5] c.google.maps.geocode.AddressConverter   : opening the https connection to hit geocode api
2017-06-27 12:13:05.666  INFO 7692 --- [http-nio-8282-exec-5] c.google.maps.geocode.AddressConverter   : method is returning the geocode api response
2017-06-27 12:13:05.667  INFO 7692 --- [http-nio-8282-exec-5] c.g.maps.service.impl.ShopServiceImpl    : google response fetchedGoogleResponse [results=[com.google.maps.geocode.Result@4dd4450e], status=OK, error_message=null]
2017-06-27 12:13:05.667  INFO 7692 --- [http-nio-8282-exec-5] c.g.maps.service.impl.ShopServiceImpl    : successfully get latitude and longitide from google geocode api
2017-06-27 12:13:05.667  INFO 7692 --- [http-nio-8282-exec-5] c.g.maps.service.impl.ShopServiceImpl    : latitude:28.4991494longitude:77.06966299999999
2017-06-27 12:13:05.672  INFO 7692 --- [http-nio-8282-exec-5] c.g.maps.service.impl.ShopServiceImpl    : shop already exist so updating the current shop details with old one which ws added by another user
2017-06-27 12:13:05.675  INFO 7692 --- [http-nio-8282-exec-5] c.g.maps.service.impl.ShopServiceImpl    : saving the following shop entity objectShopEntity [id=101, shopName=Snapdeal, shopAddress=Plot No. 14, Sector 18, Electronic City, Udyog Vihar, Gurugram, postalCode=122016, longitude=77.06966299999999, latitide=28.4991494]
